# JRE version: Java(TM) SE Runtime Environment (17.0.12+8) (build 17.0.12+8-LTS-286)
# Java VM: Java HotSpot(TM) 64-Bit Server VM (17.0.12+8-LTS-286, mixed mode, emulated-client, sharing, tiered, compressed oops, compressed class ptrs, g1 gc, windows-amd64)
GC Precious Log:
 CPUs: 8 total, 8 available
 Memory: 16221M
 Large Page Support: Disabled
 NUMA Support: Disabled
 Compressed Oops: Enabled (Zero based)
 Heap Region Size: 2M
 Heap Min Capacity: 8M
 Heap Initial Capacity: 254M
 Heap Max Capacity: 4056M
 Pre-touch: Disabled
 Parallel Workers: 8
 Concurrent Workers: 2
 Concurrent Refinement Workers: 8
 Periodic GC: Disabled
Heap:
 garbage-first heap   total 61440K, used 23347K [0x0000000702800000, 0x0000000800000000)
  region size 2048K, 2 young (4096K), 2 survivors (4096K)
 Metaspace       used 46166K, committed 46656K, reserved 1114112K
  class space    used 6461K, committed 6656K, reserved 1048576K
GC Heap History (20 events):
Event: 821.094 GC heap after
{Heap after GC invocations=20 (full 3):
 garbage-first heap   total 69632K, used 21188K [0x0000000702800000, 0x0000000800000000)
  region size 2048K, 2 young (4096K), 2 survivors (4096K)
 Metaspace       used 45310K, committed 45760K, reserved 1114112K
  class space    used 6357K, committed 6592K, reserved 1048576K
}
Event: 821.414 GC heap before
{Heap before GC invocations=20 (full 3):
 garbage-first heap   total 69632K, used 49860K [0x0000000702800000, 0x0000000800000000)
  region size 2048K, 16 young (32768K), 2 survivors (4096K)
 Metaspace       used 45464K, committed 45952K, reserved 1114112K
  class space    used 6370K, committed 6592K, reserved 1048576K
}
Event: 821.419 GC heap after
{Heap after GC invocations=21 (full 3):
 garbage-first heap   total 69632K, used 25035K [0x0000000702800000, 0x0000000800000000)
  region size 2048K, 2 young (4096K), 2 survivors (4096K)
 Metaspace       used 45464K, committed 45952K, reserved 1114112K
  class space    used 6370K, committed 6592K, reserved 1048576K
}
Event: 1173.030 GC heap before
{Heap before GC invocations=21 (full 3):
 garbage-first heap   total 69632K, used 49611K [0x0000000702800000, 0x0000000800000000)
  region size 2048K, 14 young (28672K), 2 survivors (4096K)
 Metaspace       used 45470K, committed 45952K, reserved 1114112K
  class space    used 6371K, committed 6592K, reserved 1048576K
}
Event: 1173.039 GC heap after
{Heap after GC invocations=22 (full 3):
 garbage-first heap   total 69632K, used 25472K [0x0000000702800000, 0x0000000800000000)
  region size 2048K, 1 young (2048K), 1 survivors (2048K)
 Metaspace       used 45470K, committed 45952K, reserved 1114112K
  class space    used 6371K, committed 6592K, reserved 1048576K
}
Event: 1490.279 GC heap before
{Heap before GC invocations=22 (full 3):
 garbage-first heap   total 69632K, used 41856K [0x0000000702800000, 0x0000000800000000)
  region size 2048K, 10 young (20480K), 1 survivors (2048K)
 Metaspace       used 45473K, committed 45952K, reserved 1114112K
  class space    used 6372K, committed 6592K, reserved 1048576K
}
Event: 1490.333 GC heap after
{Heap after GC invocations=23 (full 4):
 garbage-first heap   total 61440K, used 18032K [0x0000000702800000, 0x0000000800000000)
  region size 2048K, 0 young (0K), 0 survivors (0K)
 Metaspace       used 45454K, committed 45952K, reserved 1114112K
  class space    used 6369K, committed 6592K, reserved 1048576K
}
Event: 1490.759 GC heap before
{Heap before GC invocations=23 (full 4):
 garbage-first heap   total 61440K, used 46704K [0x0000000702800000, 0x0000000800000000)
  region size 2048K, 14 young (28672K), 0 survivors (0K)
 Metaspace       used 45585K, committed 46016K, reserved 1114112K
  class space    used 6396K, committed 6592K, reserved 1048576K
}
Event: 1490.762 GC heap after
{Heap after GC invocations=24 (full 4):
 garbage-first heap   total 61440K, used 21091K [0x0000000702800000, 0x0000000800000000)
  region size 2048K, 2 young (4096K), 2 survivors (4096K)
 Metaspace       used 45585K, committed 46016K, reserved 1114112K
  class space    used 6396K, committed 6592K, reserved 1048576K
}
Event: 1491.082 GC heap before
{Heap before GC invocations=24 (full 4):
 garbage-first heap   total 61440K, used 45667K [0x0000000702800000, 0x0000000800000000)
  region size 2048K, 14 young (28672K), 2 survivors (4096K)
 Metaspace       used 45778K, committed 46208K, reserved 1114112K
  class space    used 6415K, committed 6592K, reserved 1048576K
}
Event: 1491.087 GC heap after
{Heap after GC invocations=25 (full 4):
 garbage-first heap   total 61440K, used 24464K [0x0000000702800000, 0x0000000800000000)
  region size 2048K, 2 young (4096K), 2 survivors (4096K)
 Metaspace       used 45778K, committed 46208K, reserved 1114112K
  class space    used 6415K, committed 6592K, reserved 1048576K
}
Event: 1508.406 GC heap before
{Heap before GC invocations=25 (full 4):
 garbage-first heap   total 61440K, used 36752K [0x0000000702800000, 0x0000000800000000)
  region size 2048K, 9 young (18432K), 2 survivors (4096K)
 Metaspace       used 45781K, committed 46208K, reserved 1114112K
  class space    used 6415K, committed 6592K, reserved 1048576K
}
Event: 1508.452 GC heap after
{Heap after GC invocations=26 (full 5):
 garbage-first heap   total 61440K, used 20839K [0x0000000702800000, 0x0000000800000000)
  region size 2048K, 0 young (0K), 0 survivors (0K)
 Metaspace       used 45778K, committed 46208K, reserved 1114112K
  class space    used 6415K, committed 6592K, reserved 1048576K
}
Event: 1508.750 GC heap before
{Heap before GC invocations=26 (full 5):
 garbage-first heap   total 61440K, used 43367K [0x0000000702800000, 0x0000000800000000)
  region size 2048K, 12 young (24576K), 0 survivors (0K)
 Metaspace       used 45861K, committed 46336K, reserved 1114112K
  class space    used 6428K, committed 6656K, reserved 1048576K
}
Event: 1508.753 GC heap after
{Heap after GC invocations=27 (full 5):
 garbage-first heap   total 61440K, used 23422K [0x0000000702800000, 0x0000000800000000)
  region size 2048K, 2 young (4096K), 2 survivors (4096K)
 Metaspace       used 45861K, committed 46336K, reserved 1114112K
  class space    used 6428K, committed 6656K, reserved 1048576K
}
Event: 1508.961 GC heap before
{Heap before GC invocations=27 (full 5):
 garbage-first heap   total 61440K, used 43902K [0x0000000702800000, 0x0000000800000000)
  region size 2048K, 12 young (24576K), 2 survivors (4096K)
 Metaspace       used 46030K, committed 46528K, reserved 1114112K
  class space    used 6442K, committed 6656K, reserved 1048576K
}
Event: 1508.964 GC heap after
{Heap after GC invocations=28 (full 5):
 garbage-first heap   total 61440K, used 25104K [0x0000000702800000, 0x0000000800000000)
  region size 2048K, 2 young (4096K), 2 survivors (4096K)
 Metaspace       used 46030K, committed 46528K, reserved 1114112K
  class space    used 6442K, committed 6656K, reserved 1048576K
}
Event: 1510.785 GC heap before
{Heap before GC invocations=28 (full 5):
 garbage-first heap   total 61440K, used 39440K [0x0000000702800000, 0x0000000800000000)
  region size 2048K, 10 young (20480K), 2 survivors (4096K)
 Metaspace       used 46082K, committed 46592K, reserved 1114112K
  class space    used 6448K, committed 6656K, reserved 1048576K
}
Event: 1510.832 GC heap after
{Heap after GC invocations=29 (full 6):
 garbage-first heap   total 61440K, used 21100K [0x0000000702800000, 0x0000000800000000)
  region size 2048K, 0 young (0K), 0 survivors (0K)
 Metaspace       used 46080K, committed 46592K, reserved 1114112K
  class space    used 6447K, committed 6656K, reserved 1048576K
}
Event: 1511.124 GC heap before
{Heap before GC invocations=29 (full 6):
 garbage-first heap   total 61440K, used 45676K [0x0000000702800000, 0x0000000800000000)
  region size 2048K, 12 young (24576K), 0 survivors (0K)
 Metaspace       used 46166K, committed 46656K, reserved 1114112K
  class space    used 6461K, committed 6656K, reserved 1048576K
}

